#
# There is insufficient memory for the Java Runtime Environment to continue.
# Native memory allocation (malloc) failed to allocate 283136 bytes for Chunk::new
# Possible reasons:
#   The system is out of physical RAM or swap space
#   In 32 bit mode, the process size limit was hit
# Possible solutions:
#   Reduce memory load on the system
#   Increase physical memory or swap space
#   Check if swap backing store is full
#   Use 64 bit Java on a 64 bit OS
#   Decrease Java heap size (-Xmx/-Xms)
#   Decrease number of Java threads
#   Decrease Java thread stack sizes (-Xss)
#   Set larger code cache with -XX:ReservedCodeCacheSize=
# This output file may be truncated or incomplete.
#
#  Out of Memory Error (allocation.cpp:390), pid=8628, tid=0x0000000000002174
#
# JRE version: OpenJDK Runtime Environment (8.0_152-b02) (build 1.8.0_152-release-1024-b02)
# Java VM: OpenJDK 64-Bit Server VM (25.152-b02 mixed mode windows-amd64 compressed oops)
# Failed to write core dump. Minidumps are not enabled by default on client versions of Windows
#

---------------  T H R E A D  ---------------

Current thread (0x0000000015cd2000):  JavaThread "C2 CompilerThread0" daemon [_thread_in_native, id=8564, stack(0x00000000179a0000,0x0000000017aa0000)]

Stack: [0x00000000179a0000,0x0000000017aa0000]
[error occurred during error reporting (printing stack bounds), id 0xc0000005]

Native frames: (J=compiled Java code, j=interpreted, Vv=VM code, C=native code)


Current CompileTask:
C2:  62046 15071       4       org.gradle.internal.reflect.ClassInspector::inspectClass (152 bytes)


---------------  P R O C E S S  ---------------

Java Threads: ( => current thread )
  0x0000000018275800 JavaThread "ForkJoinPool.commonPool-worker-3" daemon [_thread_blocked, id=10244, stack(0x00000000224f0000,0x00000000225f0000)]
  0x0000000018276000 JavaThread "ForkJoinPool.commonPool-worker-2" daemon [_thread_blocked, id=10544, stack(0x00000000223f0000,0x00000000224f0000)]
  0x0000000018273000 JavaThread "ForkJoinPool.commonPool-worker-1" daemon [_thread_blocked, id=8768, stack(0x00000000222f0000,0x00000000223f0000)]
  0x0000000018274000 JavaThread "Cache worker for Java compile cache (F:\androidtiem\GO\.gradle\4.1\javaCompile)" [_thread_blocked, id=9908, stack(0x00000000218f0000,0x00000000219f0000)]
  0x000000001826c800 JavaThread "Cache worker for task history cache (F:\androidtiem\GO\.gradle\4.1\taskHistory)" [_thread_in_native, id=7304, stack(0x0000000020ee0000,0x0000000020fe0000)]
  0x000000001826f800 JavaThread "Cache worker for file content cache (F:\androidtiem\GO\.gradle\4.1\fileContent)" [_thread_blocked, id=11092, stack(0x0000000020de0000,0x0000000020ee0000)]
  0x000000001826a000 JavaThread "Memory manager" [_thread_blocked, id=4436, stack(0x00000000200e0000,0x00000000201e0000)]
  0x000000001826d000 JavaThread "pool-1-thread-1" [_thread_blocked, id=10384, stack(0x000000001fb40000,0x000000001fc40000)]
  0x00000000173bf000 JavaThread "build operations Thread 4" [_thread_blocked, id=10184, stack(0x000000001f840000,0x000000001f940000)]
  0x00000000173be800 JavaThread "build operations Thread 3" [_thread_blocked, id=3316, stack(0x000000001f740000,0x000000001f840000)]
  0x00000000173ba800 JavaThread "build operations Thread 2" [_thread_blocked, id=10368, stack(0x000000001f640000,0x000000001f740000)]
  0x00000000173bc000 JavaThread "build operations" [_thread_blocked, id=10700, stack(0x000000001f440000,0x000000001f540000)]
  0x00000000173bd800 JavaThread "Cache worker for Artifact transforms cache (C:\Users\Administrator\.gradle\caches\transforms-1)" [_thread_blocked, id=10412, stack(0x000000001e0e0000,0x000000001e1e0000)]
  0x0000000018fe2000 JavaThread "Cache worker for file hash cache (F:\androidtiem\GO\.gradle\4.1\fileHashes)" [_thread_blocked, id=11032, stack(0x000000001a670000,0x000000001a770000)]
  0x00000000190db000 JavaThread "File lock request listener" [_thread_in_native, id=9008, stack(0x000000001a570000,0x000000001a670000)]
  0x0000000018f07800 JavaThread "Cache worker for file hash cache (C:\Users\Administrator\.gradle\caches\4.1\fileHashes)" [_thread_blocked, id=11144, stack(0x000000001a470000,0x000000001a570000)]
  0x0000000018df4000 JavaThread "Stdin handler" [_thread_blocked, id=7296, stack(0x000000001a170000,0x000000001a270000)]
  0x0000000018de4000 JavaThread "Asynchronous log dispatcher for DefaultDaemonConnection: socket connection from /127.0.0.1:10309 to /127.0.0.1:10310" [_thread_blocked, id=8624, stack(0x000000001a070000,0x000000001a170000)]
  0x0000000018dbf000 JavaThread "Daemon worker" [_thread_in_Java, id=10440, stack(0x0000000019f70000,0x000000001a070000)]
  0x0000000018dbe000 JavaThread "Cancel handler" [_thread_blocked, id=9436, stack(0x0000000019e70000,0x0000000019f70000)]
  0x0000000018d86000 JavaThread "Handler for socket connection from /127.0.0.1:10309 to /127.0.0.1:10310" [_thread_in_native, id=9624, stack(0x0000000019b70000,0x0000000019c70000)]
  0x0000000018d85800 JavaThread "Daemon" [_thread_blocked, id=7368, stack(0x0000000019a70000,0x0000000019b70000)]
  0x0000000018ced800 JavaThread "Daemon periodic checks" [_thread_blocked, id=10776, stack(0x0000000019970000,0x0000000019a70000)]
  0x0000000018cec800 JavaThread "Incoming local TCP Connector on port 10309" [_thread_in_native, id=10744, stack(0x0000000019870000,0x0000000019970000)]
  0x0000000017435800 JavaThread "Service Thread" daemon [_thread_blocked, id=4032, stack(0x0000000017ca0000,0x0000000017da0000)]
  0x00000000173b9000 JavaThread "C1 CompilerThread2" daemon [_thread_in_native, id=7448, stack(0x0000000017ba0000,0x0000000017ca0000)]
  0x0000000015d1e000 JavaThread "C2 CompilerThread1" daemon [_thread_in_native, id=10936, stack(0x0000000017aa0000,0x0000000017ba0000)]
=>0x0000000015cd2000 JavaThread "C2 CompilerThread0" daemon [_thread_in_native, id=8564, stack(0x00000000179a0000,0x0000000017aa0000)]
  0x0000000015cd1000 JavaThread "Attach Listener" daemon [_thread_blocked, id=9448, stack(0x00000000178a0000,0x00000000179a0000)]
  0x00000000173a8800 JavaThread "Signal Dispatcher" daemon [_thread_blocked, id=11260, stack(0x00000000177a0000,0x00000000178a0000)]
  0x000000000234c800 JavaThread "Finalizer" daemon [_thread_blocked, id=1744, stack(0x0000000016f30000,0x0000000017030000)]
  0x0000000002341800 JavaThread "Reference Handler" daemon [_thread_blocked, id=9340, stack(0x0000000016e30000,0x0000000016f30000)]
  0x0000000002252800 JavaThread "main" [_thread_blocked, id=10608, stack(0x00000000020e0000,0x00000000021e0000)]

Other Threads:
  0x0000000015c85000 VMThread [stack: 0x0000000016d30000,0x0000000016e30000] [id=9876]
  0x0000000017424000 WatcherThread [stack: 0x0000000017da0000,0x0000000017ea0000] [id=10804]

VM state:not at safepoint (normal execution)

VM Mutex/Monitor currently owned by a thread:  ([mutex/lock_event])
[0x000000000224c770] CodeCache_lock - owner thread: 0x00000000173b9000
[0x0000000002251dd0] Compile_lock - owner thread: 0x00000000173b9000
[0x0000000002250950] MethodCompileQueue_lock - owner thread: 0x00000000173b9000

Heap:
 PSYoungGen      total 398336K, used 42938K [0x00000000e0000000, 0x0000000100000000, 0x0000000100000000)
  eden space 321536K, 13% used [0x00000000e0000000,0x00000000e29e68b0,0x00000000f3a00000)
  from space 76800K, 0% used [0x00000000f3a00000,0x00000000f3a08000,0x00000000f8500000)
  to   space 77312K, 0% used [0x00000000fb480000,0x00000000fb480000,0x0000000100000000)
 ParOldGen       total 220160K, used 134751K [0x00000000a0000000, 0x00000000ad700000, 0x00000000e0000000)
  object space 220160K, 61% used [0x00000000a0000000,0x00000000a8397e08,0x00000000ad700000)
 Metaspace       used 68262K, capacity 70440K, committed 70744K, reserved 1110016K
  class space    used 8769K, capacity 9277K, committed 9344K, reserved 1048576K

Card table byte_map: [0x0000000011710000,0x0000000011a20000] byte_map_base: 0x0000000011210000

Marking Bits: (ParMarkBitMap*) 0x0000000071894970
 Begin Bits: [0x0000000012020000, 0x0000000013820000)
 End Bits:   [0x0000000013820000, 0x0000000015020000)

Polling page: 0x00000000003c0000

CodeCache: size=245760Kb used=41388Kb max_used=43203Kb free=204371Kb
 bounds [0x0000000002350000, 0x0000000004de0000, 0x0000000011350000]
 total_blobs=12523 nmethods=11717 adapters=718
 compilation: enabled

Compilation events (10 events):
Event: 62.021 Thread 0x00000000173b9000 15082       3       org.gradle.api.internal.project.DefaultProject::getIdentityPath (55 bytes)
Event: 62.022 Thread 0x00000000173b9000 nmethod 15082 0x000000000246b790 code [0x000000000246b920, 0x000000000246bd48]
Event: 62.022 Thread 0x00000000173b9000 15083       3       org.gradle.api.internal.AbstractTask::getIdentityPath (32 bytes)
Event: 62.022 Thread 0x00000000173b9000 nmethod 15083 0x0000000002942ed0 code [0x0000000002943040, 0x0000000002943338]
Event: 62.022 Thread 0x0000000015d1e000 nmethod 15075 0x0000000004419ad0 code [0x0000000004419c40, 0x000000000441a0e8]
Event: 62.022 Thread 0x0000000015d1e000 15077       4       org.gradle.api.internal.project.taskfactory.DefaultTaskClassInfoStore::attachTaskAction (247 bytes)
Event: 62.024 Thread 0x00000000173b9000 15085       1       org.gradle.api.internal.project.DefaultProject::getProjectDir (5 bytes)
Event: 62.025 Thread 0x00000000173b9000 nmethod 15085 0x0000000003cdfa10 code [0x0000000003cdfb60, 0x0000000003cdfc70]
Event: 62.026 Thread 0x00000000173b9000 15086       3       org.objectweb.asm.MethodWriter::visitLdcInsn (176 bytes)
Event: 62.026 Thread 0x00000000173b9000 nmethod 15086 0x00000000047d7450 code [0x00000000047d7620, 0x00000000047d7c08]

GC Heap History (10 events):
Event: 59.398 GC heap before
{Heap before GC invocations=23 (full 3):
 PSYoungGen      total 254464K, used 252934K [0x00000000e0000000, 0x00000000f9d80000, 0x0000000100000000)
  eden space 191488K, 99% used [0x00000000e0000000,0x00000000eb989830,0x00000000ebb00000)
  from space 62976K, 99% used [0x00000000ebb00000,0x00000000ef878278,0x00000000ef880000)
  to   space 86016K, 0% used [0x00000000f4980000,0x00000000f4980000,0x00000000f9d80000)
 ParOldGen       total 149504K, used 100873K [0x00000000a0000000, 0x00000000a9200000, 0x00000000e0000000)
  object space 149504K, 67% used [0x00000000a0000000,0x00000000a6282790,0x00000000a9200000)
 Metaspace       used 66961K, capacity 69120K, committed 69464K, reserved 1110016K
  class space    used 8548K, capacity 9067K, committed 9088K, reserved 1048576K
Event: 59.432 GC heap after
Heap after GC invocations=23 (full 3):
 PSYoungGen      total 325120K, used 34555K [0x00000000e0000000, 0x00000000f9300000, 0x0000000100000000)
  eden space 249856K, 0% used [0x00000000e0000000,0x00000000e0000000,0x00000000ef400000)
  from space 75264K, 45% used [0x00000000f4980000,0x00000000f6b3ef78,0x00000000f9300000)
  to   space 81408K, 0% used [0x00000000ef400000,0x00000000ef400000,0x00000000f4380000)
 ParOldGen       total 149504K, used 117138K [0x00000000a0000000, 0x00000000a9200000, 0x00000000e0000000)
  object space 149504K, 78% used [0x00000000a0000000,0x00000000a7264980,0x00000000a9200000)
 Metaspace       used 66961K, capacity 69120K, committed 69464K, reserved 1110016K
  class space    used 8548K, capacity 9067K, committed 9088K, reserved 1048576K
}
Event: 60.888 GC heap before
{Heap before GC invocations=24 (full 3):
 PSYoungGen      total 325120K, used 284411K [0x00000000e0000000, 0x00000000f9300000, 0x0000000100000000)
  eden space 249856K, 100% used [0x00000000e0000000,0x00000000ef400000,0x00000000ef400000)
  from space 75264K, 45% used [0x00000000f4980000,0x00000000f6b3ef78,0x00000000f9300000)
  to   space 81408K, 0% used [0x00000000ef400000,0x00000000ef400000,0x00000000f4380000)
 ParOldGen       total 149504K, used 117205K [0x00000000a0000000, 0x00000000a9200000, 0x00000000e0000000)
  object space 149504K, 78% used [0x00000000a0000000,0x00000000a7275750,0x00000000a9200000)
 Metaspace       used 68114K, capacity 70396K, committed 70744K, reserved 1110016K
  class space    used 8697K, capacity 9251K, committed 9344K, reserved 1048576K
Event: 60.908 GC heap after
Heap after GC invocations=24 (full 3):
 PSYoungGen      total 331264K, used 27156K [0x00000000e0000000, 0x00000000fd200000, 0x0000000100000000)
  eden space 249856K, 0% used [0x00000000e0000000,0x00000000e0000000,0x00000000ef400000)
  from space 81408K, 33% used [0x00000000ef400000,0x00000000f0e85110,0x00000000f4380000)
  to   space 77312K, 0% used [0x00000000f8680000,0x00000000f8680000,0x00000000fd200000)
 ParOldGen       total 149504K, used 131973K [0x00000000a0000000, 0x00000000a9200000, 0x00000000e0000000)
  object space 149504K, 88% used [0x00000000a0000000,0x00000000a80e1508,0x00000000a9200000)
 Metaspace       used 68114K, capacity 70396K, committed 70744K, reserved 1110016K
  class space    used 8697K, capacity 9251K, committed 9344K, reserved 1048576K
}
Event: 60.908 GC heap before
{Heap before GC invocations=25 (full 4):
 PSYoungGen      total 331264K, used 27156K [0x00000000e0000000, 0x00000000fd200000, 0x0000000100000000)
  eden space 249856K, 0% used [0x00000000e0000000,0x00000000e0000000,0x00000000ef400000)
  from space 81408K, 33% used [0x00000000ef400000,0x00000000f0e85110,0x00000000f4380000)
  to   space 77312K, 0% used [0x00000000f8680000,0x00000000f8680000,0x00000000fd200000)
 ParOldGen       total 149504K, used 131973K [0x00000000a0000000, 0x00000000a9200000, 0x00000000e0000000)
  object space 149504K, 88% used [0x00000000a0000000,0x00000000a80e1508,0x00000000a9200000)
 Metaspace       used 68114K, capacity 70396K, committed 70744K, reserved 1110016K
  class space    used 8697K, capacity 9251K, committed 9344K, reserved 1048576K
Event: 61.050 GC heap after
Heap after GC invocations=25 (full 4):
 PSYoungGen      total 331264K, used 0K [0x00000000e0000000, 0x00000000fd200000, 0x0000000100000000)
  eden space 249856K, 0% used [0x00000000e0000000,0x00000000e0000000,0x00000000ef400000)
  from space 81408K, 0% used [0x00000000ef400000,0x00000000ef400000,0x00000000f4380000)
  to   space 77312K, 0% used [0x00000000f8680000,0x00000000f8680000,0x00000000fd200000)
 ParOldGen       total 220160K, used 67964K [0x00000000a0000000, 0x00000000ad700000, 0x00000000e0000000)
  object space 220160K, 30% used [0x00000000a0000000,0x00000000a425f340,0x00000000ad700000)
 Metaspace       used 67344K, capacity 69490K, committed 70744K, reserved 1110016K
  class space    used 8609K, capacity 9126K, committed 9344K, reserved 1048576K
}
Event: 61.293 GC heap before
{Heap before GC invocations=26 (full 4):
 PSYoungGen      total 331264K, used 249451K [0x00000000e0000000, 0x00000000fd200000, 0x0000000100000000)
  eden space 249856K, 99% used [0x00000000e0000000,0x00000000ef39af18,0x00000000ef400000)
  from space 81408K, 0% used [0x00000000ef400000,0x00000000ef400000,0x00000000f4380000)
  to   space 77312K, 0% used [0x00000000f8680000,0x00000000f8680000,0x00000000fd200000)
 ParOldGen       total 220160K, used 129405K [0x00000000a0000000, 0x00000000ad700000, 0x00000000e0000000)
  object space 220160K, 58% used [0x00000000a0000000,0x00000000a7e5f700,0x00000000ad700000)
 Metaspace       used 67647K, capacity 69836K, committed 70744K, reserved 1110016K
  class space    used 8648K, capacity 9169K, committed 9344K, reserved 1048576K
Event: 61.297 GC heap after
Heap after GC invocations=26 (full 4):
 PSYoungGen      total 396800K, used 6733K [0x00000000e0000000, 0x00000000fd000000, 0x0000000100000000)
  eden space 321536K, 0% used [0x00000000e0000000,0x00000000e0000000,0x00000000f3a00000)
  from space 75264K, 8% used [0x00000000f8680000,0x00000000f8d13708,0x00000000fd000000)
  to   space 76800K, 0% used [0x00000000f3a00000,0x00000000f3a00000,0x00000000f8500000)
 ParOldGen       total 220160K, used 129413K [0x00000000a0000000, 0x00000000ad700000, 0x00000000e0000000)
  object space 220160K, 58% used [0x00000000a0000000,0x00000000a7e61700,0x00000000ad700000)
 Metaspace       used 67647K, capacity 69836K, committed 70744K, reserved 1110016K
  class space    used 8648K, capacity 9169K, committed 9344K, reserved 1048576K
}
Event: 61.375 GC heap before
{Heap before GC invocations=27 (full 4):
 PSYoungGen      total 396800K, used 327984K [0x00000000e0000000, 0x00000000fd000000, 0x0000000100000000)
  eden space 321536K, 99% used [0x00000000e0000000,0x00000000f39b8b50,0x00000000f3a00000)
  from space 75264K, 8% used [0x00000000f8680000,0x00000000f8d13708,0x00000000fd000000)
  to   space 76800K, 0% used [0x00000000f3a00000,0x00000000f3a00000,0x00000000f8500000)
 ParOldGen       total 220160K, used 129413K [0x00000000a0000000, 0x00000000ad700000, 0x00000000e0000000)
  object space 220160K, 58% used [0x00000000a0000000,0x00000000a7e61700,0x00000000ad700000)
 Metaspace       used 67653K, capacity 69836K, committed 70744K, reserved 1110016K
  class space    used 8648K, capacity 9169K, committed 9344K, reserved 1048576K
Event: 61.378 GC heap after
Heap after GC invocations=27 (full 4):
 PSYoungGen      total 398336K, used 32K [0x00000000e0000000, 0x0000000100000000, 0x0000000100000000)
  eden space 321536K, 0% used [0x00000000e0000000,0x00000000e0000000,0x00000000f3a00000)
  from space 76800K, 0% used [0x00000000f3a00000,0x00000000f3a08000,0x00000000f8500000)
  to   space 77312K, 0% used [0x00000000fb480000,0x00000000fb480000,0x0000000100000000)
 ParOldGen       total 220160K, used 134751K [0x00000000a0000000, 0x00000000ad700000, 0x00000000e0000000)
  object space 220160K, 61% used [0x00000000a0000000,0x00000000a8397e08,0x00000000ad700000)
 Metaspace       used 67653K, capacity 69836K, committed 70744K, reserved 1110016K
  class space    used 8648K, capacity 9169K, committed 9344K, reserved 1048576K
}

Deoptimization events (10 events):
Event: 61.156 Thread 0x0000000018273000 Uncommon trap: reason=class_check action=maybe_recompile pc=0x0000000002c1a9e4 method=java.util.zip.InflaterInputStream.read([BII)I @ 100
Event: 61.192 Thread 0x0000000018273000 Uncommon trap: reason=class_check action=maybe_recompile pc=0x0000000004d72e64 method=java.io.BufferedWriter.flushBuffer()V @ 34
Event: 61.233 Thread 0x0000000018273000 Uncommon trap: reason=unstable_if action=reinterpret pc=0x0000000004c2debc method=java.nio.Bits.getInt(Ljava/nio/ByteBuffer;IZ)I @ 1
Event: 61.240 Thread 0x0000000018273000 Uncommon trap: reason=class_check action=maybe_recompile pc=0x0000000003cadd10 method=java.util.Collections$UnmodifiableCollection.toArray()[Ljava/lang/Object; @ 4
Event: 61.909 Thread 0x0000000018273000 Uncommon trap: reason=class_check action=maybe_recompile pc=0x0000000004d72e64 method=java.io.BufferedWriter.flushBuffer()V @ 34
Event: 62.000 Thread 0x0000000018dbf000 Uncommon trap: reason=unstable_if action=reinterpret pc=0x0000000002f65668 method=java.lang.reflect.Proxy.isProxyClass(Ljava/lang/Class;)Z @ 6
Event: 62.006 Thread 0x0000000018dbf000 Uncommon trap: reason=bimorphic action=maybe_recompile pc=0x0000000003738238 method=com.google.common.cache.LocalCache$Segment.storeLoadedValue(Ljava/lang/Object;ILcom/google/common/cache/LocalCache$LoadingValueReference;Ljava/lang/Object;)Z @ 91
Event: 62.008 Thread 0x0000000018dbf000 Uncommon trap: reason=bimorphic action=maybe_recompile pc=0x0000000003738238 method=com.google.common.cache.LocalCache$Segment.storeLoadedValue(Ljava/lang/Object;ILcom/google/common/cache/LocalCache$LoadingValueReference;Ljava/lang/Object;)Z @ 91
Event: 62.011 Thread 0x0000000018dbf000 Uncommon trap: reason=bimorphic action=maybe_recompile pc=0x0000000003738238 method=com.google.common.cache.LocalCache$Segment.storeLoadedValue(Ljava/lang/Object;ILcom/google/common/cache/LocalCache$LoadingValueReference;Ljava/lang/Object;)Z @ 91
Event: 62.011 Thread 0x0000000018dbf000 Uncommon trap: reason=bimorphic action=maybe_recompile pc=0x0000000003738238 method=com.google.common.cache.LocalCache$Segment.storeLoadedValue(Ljava/lang/Object;ILcom/google/common/cache/LocalCache$LoadingValueReference;Ljava/lang/Object;)Z @ 91

Classes redefined (0 events):
No events

Internal exceptions (10 events):
Event: 57.217 Thread 0x0000000018dbf000 Implicit null exception at 0x0000000003d9bad8 to 0x0000000003d9c0ad
Event: 57.799 Thread 0x0000000018275800 Implicit null exception at 0x0000000004cadbba to 0x0000000004cae411
Event: 57.820 Thread 0x0000000018275800 Implicit null exception at 0x0000000004c8ea3b to 0x0000000004c8eb69
Event: 57.867 Thread 0x0000000018275800 Implicit null exception at 0x0000000004cb4134 to 0x0000000004cb4929
Event: 58.136 Thread 0x0000000018275800 Implicit null exception at 0x00000000029456d0 to 0x000000000294595d
Event: 60.640 Thread 0x0000000018273000 Exception <a 'java/lang/ClassNotFoundException': org/gradle/api/plugins/JavaPluginConventionBeanInfo> (0x00000000eda2b0a8) thrown at [D:\src\AOSP-openjdk-cygwin\jdk8u\hotspot\src\share\vm\classfile\systemDictionary.cpp, line 210]
Event: 60.640 Thread 0x0000000018273000 Exception <a 'java/lang/ClassNotFoundException': org/gradle/api/plugins/JavaPluginConventionCustomizer> (0x00000000eda5d660) thrown at [D:\src\AOSP-openjdk-cygwin\jdk8u\hotspot\src\share\vm\classfile\systemDictionary.cpp, line 210]
Event: 60.668 Thread 0x0000000018273000 Exception <a 'java/lang/NoSuchMethodError': java.lang.Object.lambda$comparing$ea9a8b3a$1(Ljava/util/Comparator;Ljava/util/function/Function;Ljava/lang/Object;Ljava/lang/Object;)I> (0x00000000edc01548) thrown at [D:\src\AOSP-openjdk-cygwin\jdk8u\hotspot\sr
Event: 60.820 Thread 0x0000000018273000 Exception <a 'java/lang/NoSuchMethodError': java.lang.Object.lambda$or$2(Ljava/util/function/Predicate;Ljava/lang/Object;)Z> (0x00000000eed85358) thrown at [D:\src\AOSP-openjdk-cygwin\jdk8u\hotspot\src\share\vm\interpreter\linkResolver.cpp, line 584]
Event: 61.906 Thread 0x0000000018273000 Exception <a 'java/io/FileNotFoundException'> (0x00000000e21ca540) thrown at [D:\src\AOSP-openjdk-cygwin\jdk8u\hotspot\src\share\vm\prims\jni.cpp, line 709]

Events (10 events):
Event: 62.013 Thread 0x00000000173b9000 flushing nmethod 0x0000000004d2c5d0
Event: 62.013 Thread 0x00000000173b9000 flushing nmethod 0x0000000004d2ced0
Event: 62.016 loading class org/gradle/api/plugins/HelpTasksPlugin$Rules$1
Event: 62.016 loading class org/gradle/api/plugins/HelpTasksPlugin$Rules$1 done
Event: 62.022 loading class org/gradle/api/reporting/model/ModelReport$Format
Event: 62.022 loading class org/gradle/api/reporting/model/ModelReport$Format done
Event: 62.025 loading class org/gradle/internal/graph/GraphRenderer
Event: 62.025 loading class org/gradle/internal/graph/GraphRenderer done
Event: 62.027 loading class org/gradle/api/tasks/diagnostics/internal/PropertyReportRenderer
Event: 62.027 loading class org/gradle/api/tasks/diagnostics/internal/PropertyReportRenderer done


Dynamic libraries:
0x00007ff637070000 - 0x00007ff6370a1000 	F:\Program Files\Android\Android Studio\jre\bin\java.exe
0x00007ffac80a0000 - 0x00007ffac8249000 	C:\Windows\SYSTEM32\ntdll.dll
0x00007ffac58a0000 - 0x00007ffac59d9000 	C:\Windows\system32\KERNEL32.DLL
0x00007ffac51e0000 - 0x00007ffac52ee000 	C:\Windows\system32\KERNELBASE.dll
0x00007ffac73e0000 - 0x00007ffac7485000 	C:\Windows\system32\ADVAPI32.dll
0x00007ffac7930000 - 0x00007ffac7aa1000 	C:\Windows\system32\USER32.dll
0x00007ffac2a20000 - 0x00007ffac2c7a000 	C:\Windows\WinSxS\amd64_microsoft.windows.common-controls_6595b64144ccf1df_6.0.9600.16384_none_62475f7becb72503\COMCTL32.dll
0x00007ffac7560000 - 0x00007ffac7607000 	C:\Windows\system32\msvcrt.dll
0x00007ffac7790000 - 0x00007ffac77e7000 	C:\Windows\SYSTEM32\sechost.dll
0x00007ffac59e0000 - 0x00007ffac5b16000 	C:\Windows\system32\RPCRT4.dll
0x00007ffac5b80000 - 0x00007ffac5cc5000 	C:\Windows\system32\GDI32.dll
0x00007ffac7890000 - 0x00007ffac78c4000 	C:\Windows\system32\IMM32.DLL
0x00007ffac71a0000 - 0x00007ffac72d9000 	C:\Windows\system32\MSCTF.dll
0x0000000070ff0000 - 0x00000000710c2000 	F:\Program Files\Android\Android Studio\jre\jre\bin\msvcr100.dll
0x00000000710d0000 - 0x000000007190f000 	F:\Program Files\Android\Android Studio\jre\jre\bin\server\jvm.dll
0x00007ffabc2f0000 - 0x00007ffabc2f9000 	C:\Windows\SYSTEM32\WSOCK32.dll
0x00007ffac5520000 - 0x00007ffac553f000 	C:\Windows\system32\WINMM.dll
0x00007ffac2ca0000 - 0x00007ffac2caa000 	C:\Windows\SYSTEM32\VERSION.dll
0x00007ffac7eb0000 - 0x00007ffac7eb7000 	C:\Windows\system32\PSAPI.DLL
0x00007ffac5b20000 - 0x00007ffac5b78000 	C:\Windows\system32\WS2_32.dll
0x00007ffac5130000 - 0x00007ffac515a000 	C:\Windows\system32\WINMMBASE.dll
0x00007ffac7550000 - 0x00007ffac7559000 	C:\Windows\system32\NSI.dll
0x00007ffac5540000 - 0x00007ffac558a000 	C:\Windows\SYSTEM32\cfgmgr32.dll
0x00007ffac5100000 - 0x00007ffac5126000 	C:\Windows\system32\DEVOBJ.dll
0x00007ffabde60000 - 0x00007ffabde6f000 	F:\Program Files\Android\Android Studio\jre\jre\bin\verify.dll
0x00007ffabdd80000 - 0x00007ffabdda9000 	F:\Program Files\Android\Android Studio\jre\jre\bin\java.dll
0x00007ffab8f40000 - 0x00007ffab8f56000 	F:\Program Files\Android\Android Studio\jre\jre\bin\zip.dll
0x00007ffac5cd0000 - 0x00007ffac70dd000 	C:\Windows\system32\SHELL32.dll
0x00007ffac56c0000 - 0x00007ffac5897000 	C:\Windows\SYSTEM32\combase.dll
0x00007ffac78d0000 - 0x00007ffac7921000 	C:\Windows\system32\SHLWAPI.dll
0x00007ffac3c30000 - 0x00007ffac3cd1000 	C:\Windows\SYSTEM32\SHCORE.dll
0x00007ffac5050000 - 0x00007ffac5064000 	C:\Windows\SYSTEM32\profapi.dll
0x00007ffab82e0000 - 0x00007ffab82fa000 	F:\Program Files\Android\Android Studio\jre\jre\bin\net.dll
0x00007ffac4870000 - 0x00007ffac48c8000 	C:\Windows\system32\mswsock.dll
0x00007ffab82c0000 - 0x00007ffab82d1000 	F:\Program Files\Android\Android Studio\jre\jre\bin\nio.dll
0x00007ffab8e60000 - 0x00007ffab8e7e000 	C:\Users\Administrator\.gradle\native\25\windows-amd64\native-platform.dll
0x00007ffab8460000 - 0x00007ffab846d000 	F:\Program Files\Android\Android Studio\jre\jre\bin\management.dll
0x00007ffac48d0000 - 0x00007ffac48ee000 	C:\Windows\SYSTEM32\CRYPTSP.dll
0x00007ffac4510000 - 0x00007ffac4545000 	C:\Windows\system32\rsaenh.dll
0x00007ffac4b00000 - 0x00007ffac4b26000 	C:\Windows\SYSTEM32\bcrypt.dll
0x00007ffac4620000 - 0x00007ffac463f000 	C:\Windows\SYSTEM32\USERENV.dll
0x00007ffac4eb0000 - 0x00007ffac4f0e000 	C:\Windows\system32\bcryptprimitives.dll
0x00007ffac4f10000 - 0x00007ffac4f1a000 	C:\Windows\SYSTEM32\CRYPTBASE.dll
0x00007ffabee50000 - 0x00007ffabee79000 	C:\Windows\SYSTEM32\IPHLPAPI.DLL
0x00007ffabedd0000 - 0x00007ffabedda000 	C:\Windows\SYSTEM32\WINNSI.DLL
0x00007ffabe860000 - 0x00007ffabe874000 	C:\Windows\SYSTEM32\dhcpcsvc6.DLL
0x00007ffabe840000 - 0x00007ffabe859000 	C:\Windows\SYSTEM32\dhcpcsvc.DLL

VM Arguments:
jvm_args: -Xmx1536m -Dfile.encoding=GBK -Duser.country=CN -Duser.language=zh -Duser.variant 
java_command: org.gradle.launcher.daemon.bootstrap.GradleDaemon 4.1
java_class_path (initial): C:\Users\Administrator\.gradle\wrapper\dists\gradle-4.1-all\bzyivzo6n839fup2jbap0tjew\gradle-4.1\lib\gradle-launcher-4.1.jar
Launcher Type: SUN_STANDARD

Environment Variables:
JAVA_HOME=C:\Program Files\Java\jdk1.7.0_13
CLASSPATH=C:\Program Files\Java\jdk1.7.0_13\lib\dt.jar;C:\Program Files\Java\jdk1.7.0_13\lib\tools.jar;
PATH=C:\ProgramData\Oracle\Java\javapath;d:\AppCan\AppCanStudioPersonalV3.3\AppCan-IDE\jre\bin\;d:\AppCan\AppCanStudioPersonalV3.3\HDK\emulator\mas\;;C:\Program Files (x86)\NVIDIA Corporation\PhysX\Common;C:\Windows\system32;C:\Windows;C:\Windows\System32\Wbem;C:\Windows\System32\WindowsPowerShell\v1.0\;C:\Program Files\Java\jdk1.7.0_13\bin;C:\Program Files\Java\jdk1.7.0_13\jre\bin;C:\Users\Administrator\AppData\Local\Android\Sdk\platform-tools;d:\Program Files (x86)\Microsoft SQL Server\100\Tools\Binn\;d:\Program Files\Microsoft SQL Server\100\Tools\Binn\;d:\Program Files\Microsoft SQL Server\100\DTS\Binn\;d:\Program Files (x86)\Microsoft SQL Server\100\Tools\Binn\VSShell\Common7\IDE\;C:\Program Files (x86)\Microsoft Visual Studio 9.0\Common7\IDE\PrivateAssemblies\;d:\Program Files (x86)\Microsoft SQL Server\100\DTS\Binn\;C:\Program Files (x86)\Windows Kits\8.1\Windows Performance Toolkit\;C:\Program Files\Microsoft SQL Server\110\Tools\Binn\;C:\Program Files\TortoiseSVN\bin;;C:\Program Files\Microsoft VS Code\bin
USERNAME=Administrator
OS=Windows_NT
PROCESSOR_IDENTIFIER=Intel64 Family 6 Model 58 Stepping 9, GenuineIntel



---------------  S Y S T E M  ---------------

OS: Windows 8.1 , 64 bit Build 9600 (6.3.9600.16656)

CPU:total 4 (initial active 4) (4 cores per cpu, 1 threads per core) family 6 model 58 stepping 9, cmov, cx8, fxsr, mmx, sse, sse2, sse3, ssse3, sse4.1, sse4.2, popcnt, avx, aes, clmul, erms, tsc, tscinvbit, tscinv

Memory: 4k page, physical 8323716k(2259868k free), swap 8323716k(5376k free)

vm_info: OpenJDK 64-Bit Server VM (25.152-b02) for windows-amd64 JRE (1.8.0_152-release-1024-b02), built by "builder" with MS VC++ 10.0 (VS2010)

time: Fri May 18 10:21:53 2018
elapsed time: 62 seconds (0d 0h 1m 2s)

