#
# There is insufficient memory for the Java Runtime Environment to continue.
# Native memory allocation (malloc) failed to allocate 1163696 bytes for Chunk::new
# Possible reasons:
#   The system is out of physical RAM or swap space
#   In 32 bit mode, the process size limit was hit
# Possible solutions:
#   Reduce memory load on the system
#   Increase physical memory or swap space
#   Check if swap backing store is full
#   Use 64 bit Java on a 64 bit OS
#   Decrease Java heap size (-Xmx/-Xms)
#   Decrease number of Java threads
#   Decrease Java thread stack sizes (-Xss)
#   Set larger code cache with -XX:ReservedCodeCacheSize=
# This output file may be truncated or incomplete.
#
#  Out of Memory Error (allocation.cpp:390), pid=9556, tid=0x00000000000000ac
#
# JRE version: OpenJDK Runtime Environment (8.0_152-b02) (build 1.8.0_152-release-1024-b02)
# Java VM: OpenJDK 64-Bit Server VM (25.152-b02 mixed mode windows-amd64 compressed oops)
# Failed to write core dump. Minidumps are not enabled by default on client versions of Windows
#

---------------  T H R E A D  ---------------

Current thread (0x0000000017329000):  JavaThread "C2 CompilerThread1" daemon [_thread_in_native, id=172, stack(0x0000000017a20000,0x0000000017b20000)]

Stack: [0x0000000017a20000,0x0000000017b20000]
[error occurred during error reporting (printing stack bounds), id 0xc0000005]

Native frames: (J=compiled Java code, j=interpreted, Vv=VM code, C=native code)


Current CompileTask:
C2:1277223 26051       4       org.gradle.api.internal.attributes.DefaultMutableAttributeContainer::asImmutable (49 bytes)


---------------  P R O C E S S  ---------------

Java Threads: ( => current thread )
  0x000000001c066800 JavaThread "Task worker for ':' Thread 3" [_thread_blocked, id=11228, stack(0x00000000231e0000,0x00000000232e0000)]
  0x000000001c066000 JavaThread "Task worker for ':' Thread 2" [_thread_blocked, id=11148, stack(0x0000000022ce0000,0x0000000022de0000)]
  0x000000001c05f000 JavaThread "Task worker for ':'" [_thread_blocked, id=10480, stack(0x0000000022be0000,0x0000000022ce0000)]
  0x000000001c062000 JavaThread "Cache worker for task history cache (F:\androidtiem\GO\.gradle\4.1\taskHistory)" [_thread_blocked, id=6388, stack(0x0000000020ed0000,0x0000000020fd0000)]
  0x000000001c060800 JavaThread "Cache worker for file content cache (F:\androidtiem\GO\.gradle\4.1\fileContent)" [_thread_blocked, id=10800, stack(0x0000000020360000,0x0000000020460000)]
  0x000000001c05d800 JavaThread "build operations Thread 4" [_thread_blocked, id=1788, stack(0x000000001fa60000,0x000000001fb60000)]
  0x000000001c059000 JavaThread "build operations Thread 3" [_thread_blocked, id=9588, stack(0x000000001f960000,0x000000001fa60000)]
  0x000000001c05c000 JavaThread "build operations Thread 2" [_thread_blocked, id=11096, stack(0x000000001f860000,0x000000001f960000)]
  0x000000001c05a800 JavaThread "build operations" [_thread_blocked, id=10868, stack(0x000000001caa0000,0x000000001cba0000)]
  0x0000000019c83800 JavaThread "Cache worker for Artifact transforms cache (C:\Users\Administrator\.gradle\caches\transforms-1)" [_thread_blocked, id=11164, stack(0x000000001b8f0000,0x000000001b9f0000)]
  0x0000000019c82800 JavaThread "Cache worker for file hash cache (F:\androidtiem\GO\.gradle\4.1\fileHashes)" [_thread_blocked, id=11168, stack(0x000000001b5f0000,0x000000001b6f0000)]
  0x0000000019c7f000 JavaThread "Stdin handler" [_thread_blocked, id=11212, stack(0x000000001b0f0000,0x000000001b1f0000)]
  0x0000000019c7e000 JavaThread "Asynchronous log dispatcher for DefaultDaemonConnection: socket connection from /127.0.0.1:4244 to /127.0.0.1:10294" [_thread_blocked, id=11200, stack(0x000000001aff0000,0x000000001b0f0000)]
  0x0000000019c80800 JavaThread "Cancel handler" [_thread_blocked, id=7528, stack(0x000000001adf0000,0x000000001aef0000)]
  0x0000000019c81000 JavaThread "Handler for socket connection from /127.0.0.1:4244 to /127.0.0.1:10294" [_thread_in_native, id=4184, stack(0x000000001aaf0000,0x000000001abf0000)]
  0x000000001c9b8800 JavaThread "Daemon worker Thread 5" [_thread_in_native, id=10876, stack(0x000000001aef0000,0x000000001aff0000)]
  0x000000001c9b5000 JavaThread "Daemon Thread 5" [_thread_blocked, id=10108, stack(0x000000001a9f0000,0x000000001aaf0000)]
  0x0000000019c7f800 JavaThread "Java2D Disposer" daemon [_thread_blocked, id=9844, stack(0x0000000024ce0000,0x0000000024de0000)]
  0x0000000019918800 JavaThread "Memory manager" [_thread_blocked, id=4132, stack(0x0000000020260000,0x0000000020360000)]
  0x0000000019c82000 JavaThread "pool-1-thread-1" [_thread_blocked, id=1152, stack(0x000000001ff60000,0x0000000020060000)]
  0x00000000193e5800 JavaThread "File lock request listener" [_thread_in_native, id=9044, stack(0x000000001b4f0000,0x000000001b5f0000)]
  0x00000000193eb800 JavaThread "Cache worker for file hash cache (C:\Users\Administrator\.gradle\caches\4.1\fileHashes)" [_thread_blocked, id=7576, stack(0x000000001b3f0000,0x000000001b4f0000)]
  0x0000000019022000 JavaThread "Daemon periodic checks" [_thread_blocked, id=4108, stack(0x000000001a8f0000,0x000000001a9f0000)]
  0x0000000018ee2800 JavaThread "Incoming local TCP Connector on port 4244" [_thread_in_native, id=9536, stack(0x0000000019620000,0x0000000019720000)]
  0x00000000173b3800 JavaThread "Service Thread" daemon [_thread_blocked, id=10132, stack(0x0000000017c20000,0x0000000017d20000)]
  0x0000000017335000 JavaThread "C1 CompilerThread2" daemon [_thread_blocked, id=9660, stack(0x0000000017b20000,0x0000000017c20000)]
=>0x0000000017329000 JavaThread "C2 CompilerThread1" daemon [_thread_in_native, id=172, stack(0x0000000017a20000,0x0000000017b20000)]
  0x0000000015c72000 JavaThread "C2 CompilerThread0" daemon [_thread_blocked, id=9572, stack(0x0000000017920000,0x0000000017a20000)]
  0x0000000015c71000 JavaThread "Attach Listener" daemon [_thread_blocked, id=7040, stack(0x0000000017820000,0x0000000017920000)]
  0x0000000017328800 JavaThread "Signal Dispatcher" daemon [_thread_blocked, id=1668, stack(0x0000000017720000,0x0000000017820000)]
  0x00000000022cc800 JavaThread "Finalizer" daemon [_thread_blocked, id=10060, stack(0x0000000016eb0000,0x0000000016fb0000)]
  0x00000000022c1800 JavaThread "Reference Handler" daemon [_thread_blocked, id=8712, stack(0x0000000016db0000,0x0000000016eb0000)]
  0x00000000021d2800 JavaThread "main" [_thread_blocked, id=4044, stack(0x00000000020d0000,0x00000000021d0000)]

Other Threads:
  0x0000000015c25000 VMThread [stack: 0x0000000016cb0000,0x0000000016db0000] [id=9072]
  0x00000000173b4000 WatcherThread [stack: 0x0000000017d20000,0x0000000017e20000] [id=8540]

VM state:not at safepoint (normal execution)

VM Mutex/Monitor currently owned by a thread: None

Heap:
 PSYoungGen      total 436736K, used 272541K [0x00000000e0000000, 0x00000000ff580000, 0x0000000100000000)
  eden space 375296K, 72% used [0x00000000e0000000,0x00000000f0a27608,0x00000000f6e80000)
  from space 61440K, 0% used [0x00000000fb980000,0x00000000fb980000,0x00000000ff580000)
  to   space 69120K, 0% used [0x00000000f6e80000,0x00000000f6e80000,0x00000000fb200000)
 ParOldGen       total 221184K, used 86461K [0x00000000a0000000, 0x00000000ad800000, 0x00000000e0000000)
  object space 221184K, 39% used [0x00000000a0000000,0x00000000a546f428,0x00000000ad800000)
 Metaspace       used 85087K, capacity 89834K, committed 92544K, reserved 1130496K
  class space    used 10513K, capacity 11456K, committed 11904K, reserved 1048576K

Card table byte_map: [0x0000000011690000,0x00000000119a0000] byte_map_base: 0x0000000011190000

Marking Bits: (ParMarkBitMap*) 0x0000000071894970
 Begin Bits: [0x0000000011fa0000, 0x00000000137a0000)
 End Bits:   [0x00000000137a0000, 0x0000000014fa0000)

Polling page: 0x0000000001d80000

CodeCache: size=245760Kb used=70596Kb max_used=74813Kb free=175163Kb
 bounds [0x00000000022d0000, 0x0000000006c50000, 0x00000000112d0000]
 total_blobs=19519 nmethods=18556 adapters=873
 compilation: enabled

Compilation events (10 events):
Event: 1276.571 Thread 0x0000000015c72000 26072       4       org.gradle.api.internal.artifacts.ivyservice.resolveengine.graph.DependencyGraphBuilder$EdgeState::toExclusions (38 bytes)
Event: 1276.571 Thread 0x0000000017335000 26073       3       com.google.common.collect.Sets::intersection (30 bytes)
Event: 1276.572 Thread 0x0000000017335000 nmethod 26073 0x0000000003d4e110 code [0x0000000003d4e340, 0x0000000003d4eec8]
Event: 1276.572 Thread 0x0000000017335000 26074       3       com.google.common.collect.Sets$2::<init> (21 bytes)
Event: 1276.573 Thread 0x0000000017335000 nmethod 26074 0x0000000004ec14d0 code [0x0000000004ec1640, 0x0000000004ec19b0]
Event: 1276.575 Thread 0x0000000017335000 26076       3       org.gradle.api.internal.file.collections.FileTreeAdapter::visit (12 bytes)
Event: 1276.575 Thread 0x0000000017335000 nmethod 26076 0x00000000034183d0 code [0x0000000003418540, 0x0000000003418768]
Event: 1276.607 Thread 0x0000000015c72000 nmethod 26072 0x0000000005cff550 code [0x0000000005cff8e0, 0x0000000005d01378]
Event: 1276.608 Thread 0x0000000015c72000 26075       4       org.gradle.internal.component.external.model.DefaultModuleComponentArtifactMetadata::getName (8 bytes)
Event: 1276.608 Thread 0x0000000015c72000 nmethod 26075 0x0000000002d378d0 code [0x0000000002d37a00, 0x0000000002d37a78]

GC Heap History (10 events):
Event: 1201.281 GC heap before
{Heap before GC invocations=47 (full 4):
 PSYoungGen      total 358912K, used 340152K [0x00000000e0000000, 0x00000000f9a80000, 0x0000000100000000)
  eden space 328192K, 100% used [0x00000000e0000000,0x00000000f4080000,0x00000000f4080000)
  from space 30720K, 38% used [0x00000000f7c80000,0x00000000f882e130,0x00000000f9a80000)
  to   space 46080K, 0% used [0x00000000f4080000,0x00000000f4080000,0x00000000f6d80000)
 ParOldGen       total 218112K, used 151742K [0x00000000a0000000, 0x00000000ad500000, 0x00000000e0000000)
  object space 218112K, 69% used [0x00000000a0000000,0x00000000a942f850,0x00000000ad500000)
 Metaspace       used 87011K, capacity 92024K, committed 92160K, reserved 1130496K
  class space    used 10724K, capacity 11768K, committed 11776K, reserved 1048576K
Event: 1201.309 GC heap after
Heap after GC invocations=47 (full 4):
 PSYoungGen      total 374272K, used 41782K [0x00000000e0000000, 0x00000000fc880000, 0x0000000100000000)
  eden space 328192K, 0% used [0x00000000e0000000,0x00000000e0000000,0x00000000f4080000)
  from space 46080K, 90% used [0x00000000f4080000,0x00000000f694dba0,0x00000000f6d80000)
  to   space 52736K, 0% used [0x00000000f9500000,0x00000000f9500000,0x00000000fc880000)
 ParOldGen       total 218112K, used 151750K [0x00000000a0000000, 0x00000000ad500000, 0x00000000e0000000)
  object space 218112K, 69% used [0x00000000a0000000,0x00000000a9431850,0x00000000ad500000)
 Metaspace       used 87011K, capacity 92024K, committed 92160K, reserved 1130496K
  class space    used 10724K, capacity 11768K, committed 11776K, reserved 1048576K
}
Event: 1201.929 GC heap before
{Heap before GC invocations=48 (full 4):
 PSYoungGen      total 374272K, used 369974K [0x00000000e0000000, 0x00000000fc880000, 0x0000000100000000)
  eden space 328192K, 100% used [0x00000000e0000000,0x00000000f4080000,0x00000000f4080000)
  from space 46080K, 90% used [0x00000000f4080000,0x00000000f694dba0,0x00000000f6d80000)
  to   space 52736K, 0% used [0x00000000f9500000,0x00000000f9500000,0x00000000fc880000)
 ParOldGen       total 218112K, used 151750K [0x00000000a0000000, 0x00000000ad500000, 0x00000000e0000000)
  object space 218112K, 69% used [0x00000000a0000000,0x00000000a9431850,0x00000000ad500000)
 Metaspace       used 87025K, capacity 92026K, committed 92160K, reserved 1130496K
  class space    used 10724K, capacity 11769K, committed 11776K, reserved 1048576K
Event: 1201.992 GC heap after
Heap after GC invocations=48 (full 4):
 PSYoungGen      total 390656K, used 52727K [0x00000000e0000000, 0x0000000100000000, 0x0000000100000000)
  eden space 337920K, 0% used [0x00000000e0000000,0x00000000e0000000,0x00000000f4a00000)
  from space 52736K, 99% used [0x00000000f9500000,0x00000000fc87dcd8,0x00000000fc880000)
  to   space 76800K, 0% used [0x00000000f4a00000,0x00000000f4a00000,0x00000000f9500000)
 ParOldGen       total 218112K, used 192103K [0x00000000a0000000, 0x00000000ad500000, 0x00000000e0000000)
  object space 218112K, 88% used [0x00000000a0000000,0x00000000abb99e30,0x00000000ad500000)
 Metaspace       used 87025K, capacity 92026K, committed 92160K, reserved 1130496K
  class space    used 10724K, capacity 11769K, committed 11776K, reserved 1048576K
}
Event: 1210.392 GC heap before
{Heap before GC invocations=49 (full 4):
 PSYoungGen      total 390656K, used 390647K [0x00000000e0000000, 0x0000000100000000, 0x0000000100000000)
  eden space 337920K, 100% used [0x00000000e0000000,0x00000000f4a00000,0x00000000f4a00000)
  from space 52736K, 99% used [0x00000000f9500000,0x00000000fc87dcd8,0x00000000fc880000)
  to   space 76800K, 0% used [0x00000000f4a00000,0x00000000f4a00000,0x00000000f9500000)
 ParOldGen       total 218112K, used 192103K [0x00000000a0000000, 0x00000000ad500000, 0x00000000e0000000)
  object space 218112K, 88% used [0x00000000a0000000,0x00000000abb99e30,0x00000000ad500000)
 Metaspace       used 87065K, capacity 92056K, committed 92288K, reserved 1130496K
  class space    used 10730K, capacity 11778K, committed 11904K, reserved 1048576K
Event: 1210.412 GC heap after
Heap after GC invocations=49 (full 4):
 PSYoungGen      total 414720K, used 23309K [0x00000000e0000000, 0x0000000100000000, 0x0000000100000000)
  eden space 337920K, 0% used [0x00000000e0000000,0x00000000e0000000,0x00000000f4a00000)
  from space 76800K, 30% used [0x00000000f4a00000,0x00000000f60c34e8,0x00000000f9500000)
  to   space 72192K, 0% used [0x00000000fb980000,0x00000000fb980000,0x0000000100000000)
 ParOldGen       total 218112K, used 194421K [0x00000000a0000000, 0x00000000ad500000, 0x00000000e0000000)
  object space 218112K, 89% used [0x00000000a0000000,0x00000000abddd530,0x00000000ad500000)
 Metaspace       used 87065K, capacity 92056K, committed 92288K, reserved 1130496K
  class space    used 10730K, capacity 11778K, committed 11904K, reserved 1048576K
}
Event: 1216.645 GC heap before
{Heap before GC invocations=50 (full 4):
 PSYoungGen      total 414720K, used 360910K [0x00000000e0000000, 0x0000000100000000, 0x0000000100000000)
  eden space 337920K, 99% used [0x00000000e0000000,0x00000000f49b0570,0x00000000f4a00000)
  from space 76800K, 30% used [0x00000000f4a00000,0x00000000f60c34e8,0x00000000f9500000)
  to   space 72192K, 0% used [0x00000000fb980000,0x00000000fb980000,0x0000000100000000)
 ParOldGen       total 218112K, used 194421K [0x00000000a0000000, 0x00000000ad500000, 0x00000000e0000000)
  object space 218112K, 89% used [0x00000000a0000000,0x00000000abddd530,0x00000000ad500000)
 Metaspace       used 87143K, capacity 92192K, committed 92544K, reserved 1130496K
  class space    used 10732K, capacity 11780K, committed 11904K, reserved 1048576K
Event: 1216.662 GC heap after
Heap after GC invocations=50 (full 4):
 PSYoungGen      total 436736K, used 17782K [0x00000000e0000000, 0x00000000ff580000, 0x0000000100000000)
  eden space 375296K, 0% used [0x00000000e0000000,0x00000000e0000000,0x00000000f6e80000)
  from space 61440K, 28% used [0x00000000fb980000,0x00000000fcadda68,0x00000000ff580000)
  to   space 69120K, 0% used [0x00000000f6e80000,0x00000000f6e80000,0x00000000fb200000)
 ParOldGen       total 218112K, used 199601K [0x00000000a0000000, 0x00000000ad500000, 0x00000000e0000000)
  object space 218112K, 91% used [0x00000000a0000000,0x00000000ac2ec5d0,0x00000000ad500000)
 Metaspace       used 87143K, capacity 92192K, committed 92544K, reserved 1130496K
  class space    used 10732K, capacity 11780K, committed 11904K, reserved 1048576K
}
Event: 1216.662 GC heap before
{Heap before GC invocations=51 (full 5):
 PSYoungGen      total 436736K, used 17782K [0x00000000e0000000, 0x00000000ff580000, 0x0000000100000000)
  eden space 375296K, 0% used [0x00000000e0000000,0x00000000e0000000,0x00000000f6e80000)
  from space 61440K, 28% used [0x00000000fb980000,0x00000000fcadda68,0x00000000ff580000)
  to   space 69120K, 0% used [0x00000000f6e80000,0x00000000f6e80000,0x00000000fb200000)
 ParOldGen       total 218112K, used 199601K [0x00000000a0000000, 0x00000000ad500000, 0x00000000e0000000)
  object space 218112K, 91% used [0x00000000a0000000,0x00000000ac2ec5d0,0x00000000ad500000)
 Metaspace       used 87143K, capacity 92192K, committed 92544K, reserved 1130496K
  class space    used 10732K, capacity 11780K, committed 11904K, reserved 1048576K
Event: 1216.889 GC heap after
Heap after GC invocations=51 (full 5):
 PSYoungGen      total 436736K, used 0K [0x00000000e0000000, 0x00000000ff580000, 0x0000000100000000)
  eden space 375296K, 0% used [0x00000000e0000000,0x00000000e0000000,0x00000000f6e80000)
  from space 61440K, 0% used [0x00000000fb980000,0x00000000fb980000,0x00000000ff580000)
  to   space 69120K, 0% used [0x00000000f6e80000,0x00000000f6e80000,0x00000000fb200000)
 ParOldGen       total 221184K, used 86461K [0x00000000a0000000, 0x00000000ad800000, 0x00000000e0000000)
  object space 221184K, 39% used [0x00000000a0000000,0x00000000a546f428,0x00000000ad800000)
 Metaspace       used 84892K, capacity 89700K, committed 92544K, reserved 1130496K
  class space    used 10496K, capacity 11455K, committed 11904K, reserved 1048576K
}

Deoptimization events (10 events):
Event: 1210.659 Thread 0x000000001c068000 Uncommon trap: reason=bimorphic action=maybe_recompile pc=0x0000000006bc86b0 method=java.lang.Iterable.forEach(Ljava/util/function/Consumer;)V @ 6
Event: 1216.064 Thread 0x000000001c9c0000 Uncommon trap: reason=unstable_if action=reinterpret pc=0x00000000061990ac method=com.android.builder.files.RelativeFile.equals(Ljava/lang/Object;)Z @ 25
Event: 1216.369 Thread 0x000000001c9c0000 Uncommon trap: reason=unstable_if action=reinterpret pc=0x00000000050584b4 method=com.google.common.collect.RegularImmutableMap.fromEntryArray(I[Ljava/util/Map$Entry;)Lcom/google/common/collect/RegularImmutableMap; @ 123
Event: 1216.998 Thread 0x000000001c068000 Uncommon trap: reason=class_check action=maybe_recompile pc=0x00000000056c92f0 method=java.util.TreeMap$KeySet.iterator()Ljava/util/Iterator; @ 25
Event: 1216.999 Thread 0x000000001c068000 Uncommon trap: reason=class_check action=maybe_recompile pc=0x00000000056c92f0 method=java.util.TreeMap$KeySet.iterator()Ljava/util/Iterator; @ 25
Event: 1217.187 Thread 0x000000001c9b8800 Uncommon trap: reason=unstable_if action=reinterpret pc=0x00000000061debb0 method=java.util.concurrent.ConcurrentHashMap.addCount(JI)V @ 7
Event: 1217.256 Thread 0x000000001c9b8800 Uncommon trap: reason=unstable_if action=reinterpret pc=0x0000000002f3b908 method=com.google.protobuf.CodedOutputStream.computeUInt32SizeNoTag(I)I @ 14
Event: 1217.259 Thread 0x000000001c9b8800 Uncommon trap: reason=unstable_if action=reinterpret pc=0x00000000025046b8 method=com.google.protobuf.CodedInputStream.readRawVarint32()I @ 66
Event: 1274.153 Thread 0x000000001c9b8800 Uncommon trap: reason=class_check action=maybe_recompile pc=0x00000000062fa4c0 method=com.sun.org.apache.xerces.internal.dom.AttrImpl.getValue()Ljava/lang/String; @ 19
Event: 1274.153 Thread 0x000000001c9b8800 Uncommon trap: reason=class_check action=maybe_recompile pc=0x00000000062fa4c0 method=com.sun.org.apache.xerces.internal.dom.AttrImpl.getValue()Ljava/lang/String; @ 19

Classes redefined (0 events):
No events

Internal exceptions (10 events):
Event: 1200.044 Thread 0x000000001c9b7800 Exception <a 'sun/nio/fs/WindowsException'> (0x00000000eb94cf38) thrown at [D:\src\AOSP-openjdk-cygwin\jdk8u\hotspot\src\share\vm\prims\jni.cpp, line 709]
Event: 1200.052 Thread 0x000000001c9c0800 Exception <a 'sun/nio/fs/WindowsException'> (0x00000000eb9e4f68) thrown at [D:\src\AOSP-openjdk-cygwin\jdk8u\hotspot\src\share\vm\prims\jni.cpp, line 709]
Event: 1200.061 Thread 0x000000001c9b7800 Exception <a 'sun/nio/fs/WindowsException'> (0x00000000ebbc8f20) thrown at [D:\src\AOSP-openjdk-cygwin\jdk8u\hotspot\src\share\vm\prims\jni.cpp, line 709]
Event: 1200.070 Thread 0x000000001c9b7800 Exception <a 'sun/nio/fs/WindowsException'> (0x00000000ebcbc8e0) thrown at [D:\src\AOSP-openjdk-cygwin\jdk8u\hotspot\src\share\vm\prims\jni.cpp, line 709]
Event: 1200.077 Thread 0x000000001c9b7800 Exception <a 'sun/nio/fs/WindowsException'> (0x00000000ebd7fbd8) thrown at [D:\src\AOSP-openjdk-cygwin\jdk8u\hotspot\src\share\vm\prims\jni.cpp, line 709]
Event: 1204.742 Thread 0x0000000019919800 Implicit null exception at 0x00000000045d374a to 0x00000000045d4c7d
Event: 1217.255 Thread 0x000000001c9b8800 Exception <a 'sun/nio/fs/WindowsException'> (0x00000000ee443268) thrown at [D:\src\AOSP-openjdk-cygwin\jdk8u\hotspot\src\share\vm\prims\jni.cpp, line 709]
Event: 1224.836 Thread 0x0000000019c82000 Exception <a 'sun/nio/fs/WindowsException'> (0x00000000ee6071b0) thrown at [D:\src\AOSP-openjdk-cygwin\jdk8u\hotspot\src\share\vm\prims\jni.cpp, line 709]
Event: 1248.577 Thread 0x0000000019c82000 Exception <a 'sun/nio/fs/WindowsException'> (0x00000000ee608600) thrown at [D:\src\AOSP-openjdk-cygwin\jdk8u\hotspot\src\share\vm\prims\jni.cpp, line 709]
Event: 1273.653 Thread 0x000000001c9b8800 Exception <a 'sun/nio/fs/WindowsException'> (0x00000000ef395c10) thrown at [D:\src\AOSP-openjdk-cygwin\jdk8u\hotspot\src\share\vm\prims\jni.cpp, line 709]

Events (10 events):
Event: 1274.104 Thread 0x000000001c066000 Thread added: 0x000000001c066000
Event: 1274.104 Thread 0x000000001c066800 Thread added: 0x000000001c066800
Event: 1274.153 Thread 0x000000001c9b8800 Uncommon trap: trap_request=0xffffffde fr.pc=0x00000000062fa4c0
Event: 1274.153 Thread 0x000000001c9b8800 DEOPT PACKING pc=0x00000000062fa4c0 sp=0x000000001afeb1f0
Event: 1274.153 Thread 0x000000001c9b8800 DEOPT UNPACKING pc=0x000000000231557b sp=0x000000001afeb1b0 mode 2
Event: 1274.153 Thread 0x000000001c9b8800 Uncommon trap: trap_request=0xffffffde fr.pc=0x00000000062fa4c0
Event: 1274.153 Thread 0x000000001c9b8800 DEOPT PACKING pc=0x00000000062fa4c0 sp=0x000000001afeb200
Event: 1274.153 Thread 0x000000001c9b8800 DEOPT UNPACKING pc=0x000000000231557b sp=0x000000001afeb1c0 mode 2
Event: 1275.059 Executing VM operation: RevokeBias
Event: 1275.059 Executing VM operation: RevokeBias done


Dynamic libraries:
0x00007ff637070000 - 0x00007ff6370a1000 	F:\Program Files\Android\Android Studio\jre\bin\java.exe
0x00007ffac80a0000 - 0x00007ffac8249000 	C:\Windows\SYSTEM32\ntdll.dll
0x00007ffac58a0000 - 0x00007ffac59d9000 	C:\Windows\system32\KERNEL32.DLL
0x00007ffac51e0000 - 0x00007ffac52ee000 	C:\Windows\system32\KERNELBASE.dll
0x00007ffac73e0000 - 0x00007ffac7485000 	C:\Windows\system32\ADVAPI32.dll
0x00007ffac7930000 - 0x00007ffac7aa1000 	C:\Windows\system32\USER32.dll
0x00007ffac2a20000 - 0x00007ffac2c7a000 	C:\Windows\WinSxS\amd64_microsoft.windows.common-controls_6595b64144ccf1df_6.0.9600.16384_none_62475f7becb72503\COMCTL32.dll
0x00007ffac7560000 - 0x00007ffac7607000 	C:\Windows\system32\msvcrt.dll
0x00007ffac7790000 - 0x00007ffac77e7000 	C:\Windows\SYSTEM32\sechost.dll
0x00007ffac59e0000 - 0x00007ffac5b16000 	C:\Windows\system32\RPCRT4.dll
0x00007ffac5b80000 - 0x00007ffac5cc5000 	C:\Windows\system32\GDI32.dll
0x00007ffac7890000 - 0x00007ffac78c4000 	C:\Windows\system32\IMM32.DLL
0x00007ffac71a0000 - 0x00007ffac72d9000 	C:\Windows\system32\MSCTF.dll
0x0000000070ff0000 - 0x00000000710c2000 	F:\Program Files\Android\Android Studio\jre\jre\bin\msvcr100.dll
0x00000000710d0000 - 0x000000007190f000 	F:\Program Files\Android\Android Studio\jre\jre\bin\server\jvm.dll
0x00007ffabc2f0000 - 0x00007ffabc2f9000 	C:\Windows\SYSTEM32\WSOCK32.dll
0x00007ffac5520000 - 0x00007ffac553f000 	C:\Windows\system32\WINMM.dll
0x00007ffac2ca0000 - 0x00007ffac2caa000 	C:\Windows\SYSTEM32\VERSION.dll
0x00007ffac7eb0000 - 0x00007ffac7eb7000 	C:\Windows\system32\PSAPI.DLL
0x00007ffac5b20000 - 0x00007ffac5b78000 	C:\Windows\system32\WS2_32.dll
0x00007ffac5130000 - 0x00007ffac515a000 	C:\Windows\system32\WINMMBASE.dll
0x00007ffac7550000 - 0x00007ffac7559000 	C:\Windows\system32\NSI.dll
0x00007ffac5540000 - 0x00007ffac558a000 	C:\Windows\SYSTEM32\cfgmgr32.dll
0x00007ffac5100000 - 0x00007ffac5126000 	C:\Windows\system32\DEVOBJ.dll
0x00007ffabde60000 - 0x00007ffabde6f000 	F:\Program Files\Android\Android Studio\jre\jre\bin\verify.dll
0x00007ffabdd80000 - 0x00007ffabdda9000 	F:\Program Files\Android\Android Studio\jre\jre\bin\java.dll
0x00007ffab8f40000 - 0x00007ffab8f56000 	F:\Program Files\Android\Android Studio\jre\jre\bin\zip.dll
0x00007ffac5cd0000 - 0x00007ffac70dd000 	C:\Windows\system32\SHELL32.dll
0x00007ffac56c0000 - 0x00007ffac5897000 	C:\Windows\SYSTEM32\combase.dll
0x00007ffac78d0000 - 0x00007ffac7921000 	C:\Windows\system32\SHLWAPI.dll
0x00007ffac3c30000 - 0x00007ffac3cd1000 	C:\Windows\SYSTEM32\SHCORE.dll
0x00007ffac5050000 - 0x00007ffac5064000 	C:\Windows\SYSTEM32\profapi.dll
0x00007ffab82e0000 - 0x00007ffab82fa000 	F:\Program Files\Android\Android Studio\jre\jre\bin\net.dll
0x00007ffac4870000 - 0x00007ffac48c8000 	C:\Windows\system32\mswsock.dll
0x00007ffab82c0000 - 0x00007ffab82d1000 	F:\Program Files\Android\Android Studio\jre\jre\bin\nio.dll
0x00007ffab8e60000 - 0x00007ffab8e7e000 	C:\Users\Administrator\.gradle\native\25\windows-amd64\native-platform.dll
0x00007ffab8460000 - 0x00007ffab846d000 	F:\Program Files\Android\Android Studio\jre\jre\bin\management.dll
0x00007ffac48d0000 - 0x00007ffac48ee000 	C:\Windows\SYSTEM32\CRYPTSP.dll
0x00007ffac4510000 - 0x00007ffac4545000 	C:\Windows\system32\rsaenh.dll
0x00007ffac4b00000 - 0x00007ffac4b26000 	C:\Windows\SYSTEM32\bcrypt.dll
0x00007ffac4620000 - 0x00007ffac463f000 	C:\Windows\SYSTEM32\USERENV.dll
0x00007ffac4eb0000 - 0x00007ffac4f0e000 	C:\Windows\system32\bcryptprimitives.dll
0x00007ffac4f10000 - 0x00007ffac4f1a000 	C:\Windows\SYSTEM32\CRYPTBASE.dll
0x00007ffabee50000 - 0x00007ffabee79000 	C:\Windows\SYSTEM32\IPHLPAPI.DLL
0x00007ffabedd0000 - 0x00007ffabedda000 	C:\Windows\SYSTEM32\WINNSI.DLL
0x00007ffabe860000 - 0x00007ffabe874000 	C:\Windows\SYSTEM32\dhcpcsvc6.DLL
0x00007ffabe840000 - 0x00007ffabe859000 	C:\Windows\SYSTEM32\dhcpcsvc.DLL
0x00007ffaaed20000 - 0x00007ffaaeeb6000 	F:\Program Files\Android\Android Studio\jre\jre\bin\awt.dll
0x00007ffac7490000 - 0x00007ffac7547000 	C:\Windows\system32\OLEAUT32.dll
0x00007ffabeff0000 - 0x00007ffabf457000 	C:\Windows\SYSTEM32\d2d1.dll
0x00007ffac4dd0000 - 0x00007ffac4e5b000 	C:\Windows\system32\apphelp.dll
0x00007ffac31b0000 - 0x00007ffac31d1000 	C:\Windows\system32\DWMAPI.DLL
0x00007ffac3d40000 - 0x00007ffac3e62000 	C:\Windows\system32\uxtheme.dll

VM Arguments:
jvm_args: -Xmx1536m -Dfile.encoding=GBK -Duser.country=CN -Duser.language=zh -Duser.variant 
java_command: org.gradle.launcher.daemon.bootstrap.GradleDaemon 4.1
java_class_path (initial): C:\Users\Administrator\.gradle\wrapper\dists\gradle-4.1-all\bzyivzo6n839fup2jbap0tjew\gradle-4.1\lib\gradle-launcher-4.1.jar
Launcher Type: SUN_STANDARD

Environment Variables:
JAVA_HOME=C:\Program Files\Java\jdk1.7.0_13
CLASSPATH=C:\Program Files\Java\jdk1.7.0_13\lib\dt.jar;C:\Program Files\Java\jdk1.7.0_13\lib\tools.jar;
PATH=C:\ProgramData\Oracle\Java\javapath;d:\AppCan\AppCanStudioPersonalV3.3\AppCan-IDE\jre\bin\;d:\AppCan\AppCanStudioPersonalV3.3\HDK\emulator\mas\;;C:\Program Files (x86)\NVIDIA Corporation\PhysX\Common;C:\Windows\system32;C:\Windows;C:\Windows\System32\Wbem;C:\Windows\System32\WindowsPowerShell\v1.0\;C:\Program Files\Java\jdk1.7.0_13\bin;C:\Program Files\Java\jdk1.7.0_13\jre\bin;C:\Users\Administrator\AppData\Local\Android\Sdk\platform-tools;d:\Program Files (x86)\Microsoft SQL Server\100\Tools\Binn\;d:\Program Files\Microsoft SQL Server\100\Tools\Binn\;d:\Program Files\Microsoft SQL Server\100\DTS\Binn\;d:\Program Files (x86)\Microsoft SQL Server\100\Tools\Binn\VSShell\Common7\IDE\;C:\Program Files (x86)\Microsoft Visual Studio 9.0\Common7\IDE\PrivateAssemblies\;d:\Program Files (x86)\Microsoft SQL Server\100\DTS\Binn\;C:\Program Files (x86)\Windows Kits\8.1\Windows Performance Toolkit\;C:\Program Files\Microsoft SQL Server\110\Tools\Binn\;C:\Program Files\TortoiseSVN\bin;;C:\Program Files\Microsoft VS Code\bin
USERNAME=Administrator
OS=Windows_NT
PROCESSOR_IDENTIFIER=Intel64 Family 6 Model 58 Stepping 9, GenuineIntel



---------------  S Y S T E M  ---------------

OS: Windows 8.1 , 64 bit Build 9600 (6.3.9600.16656)

CPU:total 4 (initial active 4) (4 cores per cpu, 1 threads per core) family 6 model 58 stepping 9, cmov, cx8, fxsr, mmx, sse, sse2, sse3, ssse3, sse4.1, sse4.2, popcnt, avx, aes, clmul, erms, tsc, tscinvbit, tscinv

Memory: 4k page, physical 8323716k(2125756k free), swap 8323716k(6108k free)

vm_info: OpenJDK 64-Bit Server VM (25.152-b02) for windows-amd64 JRE (1.8.0_152-release-1024-b02), built by "builder" with MS VC++ 10.0 (VS2010)

time: Fri May 18 10:20:49 2018
elapsed time: 1276 seconds (0d 0h 21m 16s)

